IQ-TREE multicore version 1.6.12 for Linux 64-bit built Aug 15 2019
Developed by Bui Quang Minh, Nguyen Lam Tung, Olga Chernomor,
Heiko Schmidt, Dominik Schrempf, Michael Woodhams.

Host:    marine1 (AVX, 1007 GB RAM)
Command: /home/lsg/lsg/toolbox/iqtree-1.6.12-Linux/bin/iqtree -s IBV_108ND_5Domestic_27Foreign_1Turkey_protein.supermatrix.phy -m MFP -bb 1000 -nt AUTO
Seed:    883849 (Using SPRNG - Scalable Parallel Random Number Generator)
Time:    Tue Aug  9 18:36:28 2022
Kernel:  AVX - auto-detect threads (64 CPU cores detected)

Reading alignment file IBV_108ND_5Domestic_27Foreign_1Turkey_protein.supermatrix.phy ... Phylip format detected
Alignment most likely contains protein sequences
Alignment has 141 sequences with 8666 columns, 4033 distinct patterns
2644 parsimony-informative, 1262 singleton sites, 4760 constant sites
            Gap/Ambiguity  Composition  p-value
   1  12AD21TRA_    0.00%    passed    100.00%
   2  13AD14TRA_    0.00%    passed    100.00%
   3  13AD23TRA_    0.03%    passed    100.00%
   4  13AD24CT_C    0.02%    passed    100.00%
   5  13AQ22TRA_    0.00%    passed    100.00%
   6  15D44CT_CE    0.59%    passed    100.00%
   7  16D88_S11     0.02%    passed    100.00%
   8  17D53_S13     0.00%    passed    100.00%
   9  18D040KID_    8.83%    passed     99.96%
  10  18D041CT_3    0.00%    passed    100.00%
  11  18D042CT_3    0.01%    passed    100.00%
  12  18D049CT_3    0.00%    passed    100.00%
  13  18D101CT_3    0.00%    passed    100.00%
  14  18D108TRA_    0.02%    passed    100.00%
  15  18D143CT_4    0.01%    passed    100.00%
  16  18D22_S14     0.00%    passed    100.00%
  17  18D288CT_5    0.01%    passed    100.00%
  18  19ND091_S1    0.00%    passed    100.00%
  19  19ND157_S1    0.01%    passed    100.00%
  20  19ND16_S11    0.59%    passed    100.00%
  21  19ND178_S1    0.00%    passed    100.00%
  22  19ND181_CE    0.00%    passed    100.00%
  23  19ND70_S10    0.03%    passed    100.00%
  24  19ND79_S9_    0.00%    passed    100.00%
  25  20AD042Tra    0.44%    passed    100.00%
  26  20AD049CE2    0.09%    passed    100.00%
  27  20AD17_S1     0.07%    passed    100.00%
  28  20ND044AD4    0.09%    passed    100.00%
  29  20ND066AD6    0.02%    passed    100.00%
  30  20ND08_S5_    0.07%    passed    100.00%
  31  20ND12_S6_    0.07%    passed    100.00%
  32  20ND27_S8_    8.63%    passed     99.85%
  33  20ND30_S3_    2.03%    passed    100.00%
  34  20ND41_S1_    0.00%    passed    100.00%
  35  20ND42_S7_    0.44%    passed    100.00%
  36  20ND71_S4_   10.12%    passed     99.98%
  37  20ND74_S2_    0.09%    passed    100.00%
  38  21L019FCE1    0.00%    passed    100.00%
  39  21L068OPCE    0.02%    passed    100.00%
  40  21L350F_S8    0.63%    passed    100.00%
  41  21ND136_tr    0.03%    passed    100.00%
  42  21ND144_ct    0.07%    passed    100.00%
  43  21ND152_CE    0.03%    passed    100.00%
  44  21ND164_ct    0.48%    passed    100.00%
  45  21ND18_ct_    1.02%    passed    100.00%
  46  21ND19_Tra    0.00%    passed    100.00%
  47  21ND190_ct    0.14%    passed    100.00%
  48  21ND191_ct    0.01%    passed    100.00%
  49  21ND192_ct    0.00%    passed    100.00%
  50  21ND194_tr    9.64%    passed    100.00%
  51  21ND196_ki    0.00%    passed    100.00%
  52  21ND216_CE    0.00%    passed    100.00%
  53  21ND32_ct_    0.00%    passed    100.00%
  54  21ND53_ct_    0.00%    passed    100.00%
  55  21RI06_5_S    0.07%    passed    100.00%
  56  21RI07_6_S    0.00%    passed    100.00%
  57  21RI09_7_S    0.00%    passed    100.00%
  58  21RI14_8_S    0.00%    passed    100.00%
  59  21RI141_54    0.00%    passed    100.00%
  60  21RI16_9_S    0.00%    passed    100.00%
  61  21RI18_10_    0.00%    passed    100.00%
  62  21RI20_11_    0.01%    passed    100.00%
  63  21RI22_12_    0.00%    passed    100.00%
  64  21RI30_14_    0.01%    passed    100.00%
  65  21RI34_15_    4.40%    passed    100.00%
  66  21RI40_17_    0.01%    passed    100.00%
  67  21RI41_18_    0.01%    passed    100.00%
  68  21RI46_19_    0.01%    passed    100.00%
  69  21RI47_20_    0.07%    passed    100.00%
  70  21RI48_21_    0.00%    passed    100.00%
  71  21RI51_22_    0.01%    passed    100.00%
  72  21RI52_23_    0.07%    passed    100.00%
  73  21RI56_24_    0.00%    passed    100.00%
  74  21RI68_26_    0.00%    passed    100.00%
  75  21RI71_27_    0.87%    passed    100.00%
  76  21RI75_28_    0.00%    passed    100.00%
  77  21RI77_29_    0.07%    passed    100.00%
  78  21RI78_30_    0.00%    passed    100.00%
  79  21RI79_31_    0.08%    passed    100.00%
  80  21RI85_43_    0.07%    passed    100.00%
  81  21RI99_32_    0.01%    passed    100.00%
  82  22ND03_tra    0.03%    passed    100.00%
  83  22ND06_tra    0.03%    passed    100.00%
  84  22ND09_ct_    0.03%    passed    100.00%
  85  22ND100_41    0.12%    passed    100.00%
  86  22ND102_42    0.00%    passed    100.00%
  87  22ND114_46    0.00%    passed    100.00%
  88  22ND116CT_    0.00%    passed    100.00%
  89  22ND118CT_    0.10%    passed    100.00%
  90  22ND20_ct_    0.00%    passed    100.00%
  91  22ND28_tra    0.00%    passed    100.00%
  92  22ND57_KID    0.07%    passed    100.00%
  93  22ND57_TRA    0.03%    passed    100.00%
  94  22ND81_51_    0.00%    passed    100.00%
  95  22ND99_53_    0.20%    passed    100.00%
  96  B4_CE_S25     0.22%    passed    100.00%
  97  D85_06_CE_    0.00%    passed    100.00%
  98  EC91_S2       0.22%    passed    100.00%
  99  IBV_R86_S1    0.03%    passed    100.00%
 100  IBV_RB86_S    0.24%    passed    100.00%
 101  KM91_CE_S2    0.03%    passed    100.00%
 102  Kr_162_04_    0.00%    passed    100.00%
 103  Kr_180_04_    0.00%    passed    100.00%
 104  Kr_343_03_    0.00%    passed    100.00%
 105  Kr_D15_15_    4.53%    passed    100.00%
 106  Kr_D75_05_    0.00%    passed    100.00%
 107  Kr_Q35_06_    0.00%    passed    100.00%
 108  Kr_Q45_05_    0.00%    passed    100.00%
 109  JF893452.2    0.05%    passed    100.00%
 110  KF411041.1    0.02%    passed    100.00%
 111  JQ088078.1    0.03%    passed     99.99%
 112  KU900742.1    0.13%    passed    100.00%
 113  KU900738.1    0.13%    passed    100.00%
 114  HM245924.1    0.01%    passed    100.00%
 115  HM245923.1    0.02%    passed    100.00%
 116  KF853202.1    0.02%    passed    100.00%
 117  JX897900.1    0.17%    passed    100.00%
 118  KC119407.1    0.02%    passed    100.00%
 119  KC013541.1    0.02%    passed    100.00%
 120  JX840411.1    0.01%    passed    100.00%
 121  HQ848267.1    0.16%    passed    100.00%
 122  JF732903.1    0.16%    passed    100.00%
 123  DQ646405.2    0.10%    passed     99.98%
 124  AY514485.1    0.10%    passed    100.00%
 125  EU714029.1    0.16%    passed    100.00%
 126  KU900743.1    0.13%    passed    100.00%
 127  KU900741.1    0.13%    passed    100.00%
 128  KF377577.1    0.29%    passed     99.99%
 129  JQ977698.1    0.15%    passed    100.00%
 130  GQ504724.1    0.10%    passed    100.00%
 131  GU393338.1    0.16%    passed    100.00%
 132  GU393336.1    0.17%    passed     99.95%
 133  GU393334.1    0.35%    passed     99.97%
 134  DQ001339.1    0.35%    passed     99.99%
 135  DQ001338.1    0.03%    passed     99.99%
 136  EU817497.1    0.32%    passed    100.00%
 137  FJ807652.1    0.22%    passed    100.00%
 138  AY319651.1    0.25%    passed    100.00%
 139  EU637854.1    0.30%    passed    100.00%
 140  DQ834384.1    0.00%    passed    100.00%
 141  NC_010800.    1.90%    passed     99.98%
****  TOTAL         0.44%  0 sequences failed composition chi2 test (p-value<5%; df=19)
NOTE: Kr_343_03_ is identical to 17D53_S13 but kept for subsequent analysis
NOTE: Kr_Q35_06_ is identical to 18D22_S14 but kept for subsequent analysis
NOTE: Kr_162_04_ is identical to 19ND091_S1 but kept for subsequent analysis
NOTE: EC91_S2 is identical to B4_CE_S25 but kept for subsequent analysis
NOTE: Kr_D75_05_ is identical to D85_06_CE_ but kept for subsequent analysis


Create initial parsimony tree by phylogenetic likelihood library (PLL)... 0.430 seconds
NOTE: ModelFinder requires 899 MB RAM!
ModelFinder will test 546 protein models (sample size: 8666) ...
 No. Model         -LnL         df  AIC          AICc         BIC
Measuring multi-threading efficiency up to 64 CPU cores
Increase to 10 rounds for branch lengths
18 trees examined
Threads: 1 / Time: 65.245 sec / Speedup: 1.000 / Efficiency: 100% / LogL: -361484
Threads: 2 / Time: 37.398 sec / Speedup: 1.745 / Efficiency: 87% / LogL: -361484
Threads: 3 / Time: 26.739 sec / Speedup: 2.440 / Efficiency: 81% / LogL: -361484
Threads: 4 / Time: 19.564 sec / Speedup: 3.335 / Efficiency: 83% / LogL: -361484
Threads: 5 / Time: 16.446 sec / Speedup: 3.967 / Efficiency: 79% / LogL: -361484
Threads: 6 / Time: 13.646 sec / Speedup: 4.781 / Efficiency: 80% / LogL: -361484
Threads: 7 / Time: 11.707 sec / Speedup: 5.573 / Efficiency: 80% / LogL: -361484
Threads: 8 / Time: 11.443 sec / Speedup: 5.702 / Efficiency: 71% / LogL: -361484
Threads: 9 / Time: 9.761 sec / Speedup: 6.684 / Efficiency: 74% / LogL: -361484
Threads: 10 / Time: 8.733 sec / Speedup: 7.471 / Efficiency: 75% / LogL: -361484
Threads: 11 / Time: 8.358 sec / Speedup: 7.806 / Efficiency: 71% / LogL: -361484
Threads: 12 / Time: 8.903 sec / Speedup: 7.328 / Efficiency: 61% / LogL: -361484
Threads: 13 / Time: 10.854 sec / Speedup: 6.011 / Efficiency: 46% / LogL: -361484
BEST NUMBER OF THREADS: 10

  1  Dayhoff       151699.454   279 303956.907   303975.538   305928.646
  2  Dayhoff+I     144347.489   280 289254.978   289273.745   291233.783
  3  Dayhoff+G4    139992.559   280 280545.117   280563.884   282523.923
  4  Dayhoff+I+G4  139661.384   281 279884.768   279903.671   281870.640
  5  Dayhoff+R2    140480.491   281 281522.982   281541.885   283508.854
  6  Dayhoff+R3    139329.716   283 279225.431   279244.609   281225.438
  7  Dayhoff+R4    139112.236   285 278794.471   278813.924   280808.612
  8  Dayhoff+R5    139067.526   287 278709.052   278728.784   280737.328
  9  Dayhoff+R6    139030.810   289 278639.621   278659.633   280682.031
 10  Dayhoff+R7    139002.166   291 278586.333   278606.627   280642.877
 11  Dayhoff+R8    138981.543   293 278549.086   278569.664   280619.764
 12  Dayhoff+R9    138968.396   295 278526.792   278547.657   280611.605
 13  Dayhoff+R10   138959.052   297 278512.103   278533.257   280611.051
 14  Dayhoff+F     150726.450   298 302048.901   302070.199   304154.915
 15  Dayhoff+F+I   143350.108   299 287298.216   287319.660   289411.298
 16  Dayhoff+F+G4  139034.860   299 278667.720   278689.164   280780.802
 17  Dayhoff+F+I+G4 138707.887   300 278015.775   278037.365   280135.923
 18  Dayhoff+F+R2  139493.427   300 279586.855   279608.445   281707.004
 19  Dayhoff+F+R3  138363.333   302 277330.666   277352.550   279464.949
 20  Dayhoff+F+R4  138147.984   304 276903.968   276926.147   279052.385
 21  Dayhoff+F+R5  138104.760   306 276821.519   276843.996   278984.071
 22  Dayhoff+F+R6  138069.807   308 276755.614   276778.391   278932.300
 23  Dayhoff+F+R7  138043.392   310 276706.783   276729.862   278897.604
 24  Dayhoff+F+R8  138024.167   312 276672.335   276695.717   278877.290
 25  Dayhoff+F+R9  138012.428   314 276652.856   276676.545   278871.946
 26  Dayhoff+F+R10 138004.329   316 276640.658   276664.655   278873.882
 27  mtMAM         161161.305   279 322880.610   322899.241   324852.348
 28  mtMAM+I       152855.962   280 306271.924   306290.691   308250.730
 29  mtMAM+G4      145349.956   280 291259.912   291278.679   293238.718
 30  mtMAM+I+G4    144818.440   281 290198.881   290217.784   292184.754
 31  mtMAM+R2      147054.761   281 294671.522   294690.425   296657.395
 32  mtMAM+R3      144882.483   283 290330.967   290350.144   292330.974
 33  mtMAM+R4      144502.128   285 289574.256   289593.709   291588.397
 34  mtMAM+R5      144371.124   287 289316.247   289335.979   291344.523
 35  mtMAM+R6      144265.105   289 289108.210   289128.222   291150.620
 36  mtMAM+R7      144179.266   291 288940.531   288960.826   290997.076
 37  mtMAM+R8      144115.843   293 288817.685   288838.264   290888.364
 38  mtMAM+R9      144074.317   295 288738.633   288759.498   290823.446
 39  mtMAM+R10     144042.891   297 288679.781   288700.935   290778.729
 40  mtMAM+F       155780.399   298 312156.798   312178.097   314262.813
 41  mtMAM+F+I     147736.652   299 296071.305   296092.749   298184.387
 42  mtMAM+F+G4    141583.078   299 283764.156   283785.600   285877.237
 43  mtMAM+F+I+G4  141079.748   300 282759.496   282781.086   284879.645
 44  mtMAM+F+R2    142746.109   300 286092.218   286113.808   288212.367
 45  mtMAM+F+R3    140881.549   302 282367.098   282388.981   284501.381
 46  mtMAM+F+R4    140599.577   304 281807.155   281829.334   283955.572
 47  mtMAM+F+R5    140512.063   306 281636.127   281658.603   283798.678
 48  mtMAM+F+R6    140441.485   308 281498.971   281521.747   283675.657
 49  mtMAM+F+R7    140389.329   310 281398.659   281421.737   283589.479
 50  mtMAM+F+R8    140352.708   312 281329.416   281352.798   283534.371
 51  mtMAM+F+R9    140329.983   314 281287.965   281311.653   283507.054
 52  mtMAM+F+R10   140313.266   316 281258.532   281282.528   283491.756
 53  JTT           147717.360   279 295992.721   296011.352   297964.459
 54  JTT+I         140426.966   280 281413.933   281432.700   283392.738
 55  JTT+G4        136409.856   280 273379.712   273398.479   275358.517
 56  JTT+I+G4      136121.602   281 272805.204   272824.107   274791.077
 57  JTT+R2        136768.729   281 274099.458   274118.362   276085.331
 58  JTT+R3        135778.373   283 272122.746   272141.924   274122.753
 59  JTT+R4        135604.883   285 271779.767   271799.220   273793.908
 60  JTT+R5        135585.946   287 271745.892   271765.624   273774.168
 61  JTT+R6        135564.298   289 271706.596   271726.608   273749.006
 62  JTT+R7        135549.621   291 271681.241   271701.536   273737.786
 63  JTT+R8        135541.526   293 271669.052   271689.631   273739.731
 66  JTT+F         147155.048   298 294906.096   294927.394   297012.110
 67  JTT+F+I       139856.217   299 280310.434   280331.878   282423.516
 68  JTT+F+G4      135810.902   299 272219.804   272241.248   274332.886
 69  JTT+F+I+G4    135527.369   300 271654.738   271676.328   273774.887
 70  JTT+F+R2      136171.002   300 272942.003   272963.593   275062.152
 71  JTT+F+R3      135187.584   302 270979.168   271001.051   273113.451
 72  JTT+F+R4      135011.421   304 270630.843   270653.022   272779.260
 73  JTT+F+R5      134991.933   306 270595.865   270618.342   272758.417
 74  JTT+F+R6      134971.233   308 270558.465   270581.242   272735.152
 75  JTT+F+R7      134957.235   310 270534.470   270557.548   272725.290
 76  JTT+F+R8      134949.489   312 270522.978   270546.360   272727.933
 79  WAG           149406.506   279 299371.012   299389.643   301342.750
 80  WAG+I         142133.835   280 284827.670   284846.437   286806.476
 81  WAG+G4        138120.338   280 276800.675   276819.442   278779.481
 82  WAG+I+G4      137835.722   281 276233.445   276252.348   278219.317
 83  WAG+R2        138471.125   281 277504.250   277523.153   279490.123
 84  WAG+R3        137501.808   283 275569.616   275588.793   277569.623
 85  WAG+R4        137337.272   285 275244.544   275263.998   277258.686
 86  WAG+R5        137313.116   287 275200.233   275219.964   277228.508
 87  WAG+R6        137295.481   289 275168.962   275188.974   277211.372
 88  WAG+R7        137282.890   291 275147.780   275168.074   277204.324
 89  WAG+R8        137276.249   293 275138.499   275159.077   277209.177
 92  WAG+F         148908.605   298 298413.211   298434.509   300519.225
 93  WAG+F+I       141590.770   299 283779.540   283800.984   285892.622
 94  WAG+F+G4      137579.847   299 275757.694   275779.138   277870.776
 95  WAG+F+I+G4    137299.130   300 275198.259   275219.849   277318.408
 96  WAG+F+R2      137928.561   300 276457.121   276478.711   278577.270
 97  WAG+F+R3      136957.921   302 274519.843   274541.726   276654.126
 98  WAG+F+R4      136797.589   304 274203.177   274225.356   276351.594
 99  WAG+F+R5      136773.690   306 274159.379   274181.856   276321.931
100  WAG+F+R6      136755.235   308 274126.469   274149.246   276303.156
101  WAG+F+R7      136743.073   310 274106.147   274129.225   276296.967
102  WAG+F+R8      136736.486   312 274096.973   274120.355   276301.927
105  cpREV         149536.276   279 299630.551   299649.182   301602.290
106  cpREV+I       142218.464   280 284996.927   285015.694   286975.733
107  cpREV+G4      137953.447   280 276466.894   276485.661   278445.699
108  cpREV+I+G4    137642.008   281 275846.015   275864.918   277831.888
109  cpREV+R2      138393.502   281 277349.004   277367.907   279334.877
110  cpREV+R3      137319.487   283 275204.973   275224.150   277204.980
111  cpREV+R4      137135.721   285 274841.442   274860.895   276855.583
112  cpREV+R5      137107.176   287 274788.352   274808.084   276816.628
113  cpREV+R6      137082.755   289 274743.510   274763.522   276785.920
114  cpREV+R7      137065.267   291 274712.534   274732.829   276769.079
115  cpREV+R8      137056.006   293 274698.012   274718.591   276768.691
116  cpREV+R9      137046.410   295 274682.820   274703.685   276767.633
117  cpREV+R10     137042.912   297 274679.824   274700.978   276778.771
118  cpREV+F       149243.881   298 299083.762   299105.060   301189.776
119  cpREV+F+I     141937.102   299 284472.204   284493.648   286585.286
120  cpREV+F+G4    137705.920   299 276009.839   276031.283   278122.921
121  cpREV+F+I+G4  137409.330   300 275418.660   275440.249   277538.808
122  cpREV+F+R2    138120.724   300 276841.448   276863.038   278961.597
123  cpREV+F+R3    137091.430   302 274786.859   274808.743   276921.142
124  cpREV+F+R4    136908.298   304 274424.596   274446.775   276573.013
125  cpREV+F+R5    136879.173   306 274370.346   274392.823   276532.897
126  cpREV+F+R6    136855.831   308 274327.662   274350.438   276504.348
127  cpREV+F+R7    136839.023   310 274298.046   274321.125   276488.867
128  cpREV+F+R8    136830.070   312 274284.140   274307.522   276489.095
131  mtREV         156173.944   279 312905.887   312924.518   314877.626
132  mtREV+I       148633.059   280 297826.119   297844.886   299804.924
133  mtREV+G4      143413.013   280 287386.025   287404.792   289364.831
134  mtREV+I+G4    142979.676   281 286521.352   286540.255   288507.225
135  mtREV+R2      144253.570   281 289069.140   289088.043   291055.013
136  mtREV+R3      142683.925   283 285933.849   285953.026   287933.856
137  mtREV+R4      142456.043   285 285482.087   285501.540   287496.228
138  mtREV+R5      142402.517   287 285379.034   285398.766   287407.310
139  mtREV+R6      142358.461   289 285294.921   285314.933   287337.331
140  mtREV+R7      142328.522   291 285239.045   285259.339   287295.589
141  mtREV+R8      142311.546   293 285209.092   285229.671   287279.771
142  mtREV+R9      142291.220   295 285172.440   285193.305   287257.253
143  mtREV+R10     142282.808   297 285159.617   285180.770   287258.564
144  mtREV+F       151343.087   298 303282.173   303303.472   305388.188
145  mtREV+F+I     143981.662   299 288561.323   288582.767   290674.405
146  mtREV+F+G4    139253.865   299 279105.729   279127.173   281218.811
147  mtREV+F+I+G4  138885.889   300 278371.778   278393.368   280491.927
148  mtREV+F+R2    139843.784   300 280287.569   280309.159   282407.717
149  mtREV+F+R3    138550.366   302 277704.733   277726.616   279839.016
150  mtREV+F+R4    138334.990   304 277277.980   277300.159   279426.397
151  mtREV+F+R5    138295.355   306 277202.710   277225.187   279365.262
152  mtREV+F+R6    138263.342   308 277142.684   277165.461   279319.370
153  mtREV+F+R7    138240.205   310 277100.409   277123.488   279291.230
154  mtREV+F+R8    138226.871   312 277077.741   277101.124   279282.696
155  mtREV+F+R9    138210.399   314 277048.799   277072.487   279267.888
156  mtREV+F+R10   138203.095   316 277038.189   277062.185   279271.413
157  rtREV         152326.927   279 305211.854   305230.485   307183.592
158  rtREV+I       144823.567   280 290207.135   290225.902   292185.940
159  rtREV+G4      140591.758   280 281743.517   281762.283   283722.322
160  rtREV+I+G4    140272.895   281 281107.791   281126.694   283093.663
161  rtREV+R2      141043.587   281 282649.175   282668.078   284635.047
162  rtREV+R3      139934.483   283 280434.965   280454.142   282434.972
163  rtREV+R4      139762.028   285 280094.057   280113.510   282108.198
164  rtREV+R5      139736.920   287 280047.840   280067.572   282076.116
165  rtREV+R6      139713.950   289 280005.899   280025.911   282048.309
166  rtREV+R7      139698.866   291 279979.732   280000.026   282036.276
167  rtREV+R8      139690.741   293 279967.482   279988.061   282038.161
170  rtREV+F       151298.039   298 303192.078   303213.376   305298.092
171  rtREV+F+I     143669.567   299 287937.135   287958.578   290050.216
172  rtREV+F+G4    139376.320   299 279350.639   279372.083   281463.721
173  rtREV+F+I+G4  139048.715   300 278697.431   278719.021   280817.579
174  rtREV+F+R2    139827.803   300 280255.605   280277.195   282375.754
175  rtREV+F+R3    138709.820   302 278023.640   278045.524   280157.923
176  rtREV+F+R4    138540.960   304 277689.919   277712.099   279838.337
177  rtREV+F+R5    138512.058   306 277636.116   277658.593   279798.668
178  rtREV+F+R6    138488.355   308 277592.710   277615.487   279769.396
179  rtREV+F+R7    138472.311   310 277564.622   277587.701   279755.443
180  rtREV+F+R8    138463.518   312 277551.035   277574.418   279755.990
183  mtART         160120.006   279 320798.012   320816.643   322769.751
184  mtART+I       151806.058   280 304172.115   304190.882   306150.921
185  mtART+G4      144905.655   280 290371.310   290390.077   292350.116
186  mtART+I+G4    144355.502   281 289273.004   289291.907   291258.877
187  mtART+R2      146401.746   281 293365.491   293384.394   295351.364
188  mtART+R3      144302.469   283 289170.937   289190.115   291170.944
189  mtART+R4      143969.229   285 288508.458   288527.911   290522.599
190  mtART+R5      143868.202   287 288310.404   288330.136   290338.680
191  mtART+R6      143774.493   289 288126.986   288146.998   290169.396
192  mtART+R7      143701.260   291 287984.519   288004.813   290041.064
193  mtART+R8      143655.926   293 287897.852   287918.430   289968.530
194  mtART+R9      143595.215   295 287780.430   287801.295   289865.243
195  mtART+R10     143565.994   297 287725.988   287747.141   289824.935
196  mtART+F       155657.933   298 311911.867   311933.165   314017.881
197  mtART+F+I     147905.147   299 296408.294   296429.738   298521.376
198  mtART+F+G4    142275.384   299 285148.768   285170.212   287261.850
199  mtART+F+I+G4  141787.867   300 284175.734   284197.324   286295.883
200  mtART+F+R2    143217.755   300 287035.509   287057.099   289155.658
201  mtART+F+R3    141501.753   302 283607.507   283629.390   285741.790
202  mtART+F+R4    141250.704   304 283109.408   283131.588   285257.826
203  mtART+F+R5    141181.395   306 282974.789   282997.266   285137.341
204  mtART+F+R6    141119.705   308 282855.410   282878.187   285032.097
205  mtART+F+R7    141073.843   310 282767.685   282790.764   284958.506
206  mtART+F+R8    141046.811   312 282717.621   282741.004   284922.576
207  mtART+F+R9    141012.072   314 282652.144   282675.832   284871.233
208  mtART+F+R10   140995.452   316 282622.904   282646.900   284856.127
209  mtZOA         155389.255   279 311336.509   311355.140   313308.248
210  mtZOA+I       147675.483   280 295910.967   295929.734   297889.772
211  mtZOA+G4      141727.960   280 284015.920   284034.687   285994.726
212  mtZOA+I+G4    141245.499   281 283052.999   283071.902   285038.871
213  mtZOA+R2      142851.257   281 286264.514   286283.417   288250.387
214  mtZOA+R3      141019.481   283 282604.962   282624.139   284604.969
215  mtZOA+R4      140767.685   285 282105.370   282124.824   284119.512
216  mtZOA+R5      140692.003   287 281958.006   281977.738   283986.282
217  mtZOA+R6      140625.582   289 281829.163   281849.175   283871.573
218  mtZOA+R7      140576.699   291 281735.399   281755.693   283791.943
219  mtZOA+R8      140548.095   293 281682.190   281702.768   283752.868
220  mtZOA+R9      140511.530   295 281613.060   281633.925   283697.873
221  mtZOA+R10     140494.721   297 281583.441   281604.594   283682.388
222  mtZOA+F       151959.431   298 304514.863   304536.161   306620.877
223  mtZOA+F+I     144602.527   299 289803.054   289824.498   291916.136
224  mtZOA+F+G4    139687.886   299 279973.771   279995.215   282086.853
225  mtZOA+F+I+G4  139287.887   300 279175.775   279197.365   281295.924
226  mtZOA+F+R2    140369.464   300 281338.928   281360.518   283459.077
227  mtZOA+F+R3    138960.271   302 278524.542   278546.425   280658.825
228  mtZOA+F+R4    138736.489   304 278080.978   278103.157   280229.395
229  mtZOA+F+R5    138687.032   306 277986.064   278008.541   280148.616
230  mtZOA+F+R6    138645.301   308 277906.601   277929.378   280083.287
231  mtZOA+F+R7    138615.726   310 277851.451   277874.530   280042.272
232  mtZOA+F+R8    138598.996   312 277821.991   277845.374   280026.946
233  mtZOA+F+R9    138578.430   314 277784.860   277808.548   280003.949
234  mtZOA+F+R10   138568.992   316 277769.983   277793.980   280003.207
235  VT            149636.575   279 299831.150   299849.781   301802.888
236  VT+I          142253.361   280 285066.722   285085.489   287045.527
237  VT+G4         138340.377   280 277240.753   277259.520   279219.559
238  VT+I+G4       138057.714   281 276677.428   276696.332   278663.301
239  VT+R2         138670.154   281 277902.307   277921.211   279888.180
240  VT+R3         137720.956   283 276007.911   276027.088   278007.918
241  VT+R4         137571.416   285 275712.833   275732.286   277726.974
242  VT+R5         137553.878   287 275681.757   275701.488   277710.032
243  VT+R6         137538.157   289 275654.313   275674.325   277696.723
244  VT+R7         137525.609   291 275633.217   275653.511   277689.761
245  VT+R8         137518.565   293 275623.130   275643.709   277693.809
248  VT+F          149204.356   298 299004.712   299026.010   301110.726
249  VT+F+I        141795.280   299 284188.559   284210.003   286301.641
250  VT+F+G4       137877.249   299 276352.497   276373.941   278465.579
251  VT+F+I+G4     137599.452   300 275798.903   275820.493   277919.052
252  VT+F+R2       138204.845   300 277009.691   277031.281   279129.839
253  VT+F+R3       137263.765   302 275131.530   275153.414   277265.813
254  VT+F+R4       137115.109   304 274838.218   274860.398   276986.636
255  VT+F+R5       137097.597   306 274807.193   274829.670   276969.745
256  VT+F+R6       137081.218   308 274778.436   274801.212   276955.122
257  VT+F+R7       137069.011   310 274758.022   274781.100   276948.842
258  VT+F+R8       137062.165   312 274748.329   274771.712   276953.284
261  LG            150041.647   279 300641.294   300659.925   302613.032
262  LG+I          142583.113   280 285726.226   285744.993   287705.032
263  LG+G4         138425.284   280 277410.569   277429.336   279389.374
264  LG+I+G4       138105.977   281 276773.954   276792.857   278759.826
265  LG+R2         138837.137   281 278236.275   278255.178   280222.148
266  LG+R3         137751.928   283 276069.855   276089.032   278069.862
267  LG+R4         137585.155   285 275740.310   275759.764   277754.451
268  LG+R5         137563.755   287 275701.510   275721.242   277729.786
269  LG+R6         137543.691   289 275665.381   275685.393   277707.791
270  LG+R7         137529.173   291 275640.346   275660.640   277696.891
271  LG+R8         137520.532   293 275627.065   275647.644   277697.744
274  LG+F          149681.250   298 299958.500   299979.799   302064.515
275  LG+F+I        142187.643   299 284973.285   284994.729   287086.367
276  LG+F+G4       137990.374   299 276578.748   276600.192   278691.830
277  LG+F+I+G4     137671.986   300 275943.973   275965.563   278064.121
278  LG+F+R2       138403.373   300 277406.745   277428.335   279526.894
279  LG+F+R3       137323.442   302 275250.885   275272.769   277385.168
280  LG+F+R4       137153.652   304 274915.303   274937.482   277063.721
281  LG+F+R5       137130.732   306 274873.464   274895.941   277036.016
282  LG+F+R6       137110.487   308 274836.974   274859.751   277013.660
283  LG+F+R7       137095.349   310 274810.697   274833.776   277001.518
284  LG+F+R8       137086.354   312 274796.707   274820.090   277001.662
287  DCMut         151722.953   279 304003.905   304022.536   305975.644
288  DCMut+I       144360.485   280 289280.971   289299.738   291259.776
289  DCMut+G4      140010.428   280 280580.855   280599.622   282559.661
290  DCMut+I+G4    139678.325   281 279918.650   279937.553   281904.522
291  DCMut+R2      140498.555   281 281559.109   281578.012   283544.982
292  DCMut+R3      139348.845   283 279263.690   279282.868   281263.697
293  DCMut+R4      139126.996   285 278823.992   278843.446   280838.133
294  DCMut+R5      139092.326   287 278758.653   278778.384   280786.928
295  DCMut+R6      139061.343   289 278700.685   278720.697   280743.095
296  DCMut+R7      139035.520   291 278653.039   278673.334   280709.584
297  DCMut+R8      139019.375   293 278624.751   278645.329   280695.429
298  DCMut+R9      138993.870   295 278577.739   278598.604   280662.552
299  DCMut+R10     138985.565   297 278565.130   278586.283   280664.077
300  DCMut+F       150750.599   298 302097.198   302118.496   304203.212
301  DCMut+F+I     143362.608   299 287323.215   287344.659   289436.297
302  DCMut+F+G4    139051.345   299 278700.689   278722.133   280813.771
303  DCMut+F+I+G4  138723.573   300 278047.145   278068.735   280167.294
304  DCMut+F+R2    139512.552   300 279625.104   279646.694   281745.253
305  DCMut+F+R3    138381.600   302 277367.199   277389.083   279501.482
306  DCMut+F+R4    138161.381   304 276930.763   276952.942   279079.180
307  DCMut+F+R5    138127.990   306 276867.980   276890.457   279030.532
308  DCMut+F+R6    138098.023   308 276812.045   276834.822   278988.731
309  DCMut+F+R7    138073.648   310 276767.296   276790.374   278958.116
310  DCMut+F+R8    138058.662   312 276741.323   276764.706   278946.278
311  DCMut+F+R9    138035.281   314 276698.563   276722.251   278917.652
312  DCMut+F+R10   138028.032   316 276688.063   276712.059   278921.287
313  PMB           151442.547   279 303443.095   303461.726   305414.833
314  PMB+I         143993.684   280 288547.368   288566.135   290526.173
315  PMB+G4        140021.881   280 280603.762   280622.529   282582.567
316  PMB+I+G4      139732.971   281 280027.941   280046.845   282013.814
317  PMB+R2        140375.616   281 281313.232   281332.135   283299.105
318  PMB+R3        139395.832   283 279357.664   279376.841   281357.671
319  PMB+R4        139248.450   285 279066.900   279086.354   281081.042
320  PMB+R5        139228.190   287 279030.380   279050.112   281058.656
321  PMB+R6        139211.000   289 279000.000   279020.012   281042.410
322  PMB+R7        139199.161   291 278980.321   279000.616   281036.866
323  PMB+R8        139192.480   293 278970.961   278991.539   281041.639
326  PMB+F         151194.850   298 302985.701   303006.999   305091.715
327  PMB+F+I       143741.845   299 288081.691   288103.135   290194.772
328  PMB+F+G4      139773.440   299 280144.881   280166.324   282257.962
329  PMB+F+I+G4    139490.548   300 279581.096   279602.686   281701.245
330  PMB+F+R2      140118.933   300 280837.865   280859.455   282958.014
331  PMB+F+R3      139152.244   302 278908.487   278930.371   281042.770
332  PMB+F+R4      139005.383   304 278618.767   278640.946   280767.184
333  PMB+F+R5      138984.305   306 278580.610   278603.087   280743.162
334  PMB+F+R6      138967.245   308 278550.490   278573.267   280727.176
335  PMB+F+R7      138955.568   310 278531.137   278554.215   280721.957
336  PMB+F+R8      138948.979   312 278521.957   278545.340   280726.912
339  HIVb          150648.241   279 301854.482   301873.113   303826.220
340  HIVb+I        142751.047   280 286062.094   286080.861   288040.900
341  HIVb+G4       138160.819   280 276881.639   276900.406   278860.444
342  HIVb+I+G4     137789.080   281 276140.160   276159.063   278126.032
343  HIVb+R2       138718.727   281 277999.454   278018.357   279985.327
344  HIVb+R3       137471.010   283 275508.019   275527.196   277508.026
345  HIVb+R4       137245.814   285 275061.627   275081.081   277075.769
346  HIVb+R5       137217.556   287 275009.112   275028.844   277037.388
347  HIVb+R6       137189.429   289 274956.858   274976.870   276999.268
348  HIVb+R7       137168.004   291 274918.008   274938.303   276974.553
349  HIVb+R8       137155.487   293 274896.975   274917.553   276967.654
350  HIVb+R9       137136.907   295 274863.813   274884.678   276948.626
351  HIVb+R10      137131.206   297 274856.413   274877.566   276955.360
352  HIVb+F        149723.521   298 300043.041   300064.340   302149.056
353  HIVb+F+I      141719.367   299 284036.735   284058.179   286149.816
354  HIVb+F+G4     137132.081   299 274862.162   274883.605   276975.243
355  HIVb+F+I+G4   136757.718   300 274115.435   274137.025   276235.584
356  HIVb+F+R2     137673.035   300 275946.070   275967.660   278066.219
357  HIVb+F+R3     136438.239   302 273480.477   273502.361   275614.760
358  HIVb+F+R4     136214.333   304 273036.666   273058.845   275185.083
359  HIVb+F+R5     136181.383   306 272974.765   272997.242   275137.317
360  HIVb+F+R6     136151.127   308 272918.255   272941.031   275094.941
361  HIVb+F+R7     136128.654   310 272877.308   272900.386   275068.128
362  HIVb+F+R8     136115.912   312 272855.823   272879.205   275060.778
363  HIVb+F+R9     136096.864   314 272821.728   272845.416   275040.817
364  HIVb+F+R10    136090.840   316 272813.681   272837.677   275046.904
365  HIVw          153365.318   279 307288.636   307307.267   309260.375
366  HIVw+I        145395.835   280 291351.669   291370.436   293330.475
367  HIVw+G4       140450.279   280 281460.557   281479.324   283439.363
368  HIVw+I+G4     140045.986   281 280653.971   280672.874   282639.844
369  HIVw+R2       141134.746   281 282831.491   282850.395   284817.364
370  HIVw+R3       139701.282   283 279968.564   279987.742   281968.571
371  HIVw+R4       139451.315   285 279472.630   279492.084   281486.772
372  HIVw+R5       139406.841   287 279387.682   279407.414   281415.958
373  HIVw+R6       139364.516   289 279307.032   279327.044   281349.442
374  HIVw+R7       139331.353   291 279244.707   279265.001   281301.251
375  HIVw+R8       139311.750   293 279209.501   279230.080   281280.180
376  HIVw+R9       139282.943   295 279155.886   279176.751   281240.699
377  HIVw+R10      139274.036   297 279142.071   279163.225   281241.019
378  HIVw+F        151242.365   298 303080.730   303102.028   305186.744
379  HIVw+F+I      143266.448   299 287130.897   287152.341   289243.978
380  HIVw+F+G4     138560.589   299 277719.179   277740.623   279832.260
381  HIVw+F+I+G4   138164.998   300 276929.995   276951.585   279050.144
382  HIVw+F+R2     139166.274   300 278932.549   278954.139   281052.698
383  HIVw+F+R3     137801.293   302 276206.585   276228.469   278340.868
384  HIVw+F+R4     137563.316   304 275734.632   275756.811   277883.049
385  HIVw+F+R5     137526.833   306 275665.666   275688.143   277828.218
386  HIVw+F+R6     137490.693   308 275597.385   275620.162   277774.072
387  HIVw+F+R7     137462.268   310 275544.535   275567.614   277735.356
388  HIVw+F+R8     137445.312   312 275514.624   275538.006   277719.579
389  HIVw+F+R9     137420.014   314 275468.028   275491.717   277687.118
390  HIVw+F+R10    137411.849   316 275455.699   275479.695   277688.922
391  JTTDCMut      147719.394   279 295996.788   296015.419   297968.527
392  JTTDCMut+I    140439.904   280 281439.809   281458.576   283418.614
393  JTTDCMut+G4   136421.542   280 273403.085   273421.852   275381.890
394  JTTDCMut+I+G4 136134.806   281 272831.613   272850.516   274817.485
395  JTTDCMut+R2   136779.787   281 274121.574   274140.477   276107.446
396  JTTDCMut+R3   135792.065   283 272150.130   272169.307   274150.137
397  JTTDCMut+R4   135617.784   285 271805.568   271825.021   273819.709
398  JTTDCMut+R5   135599.009   287 271772.018   271791.750   273800.294
399  JTTDCMut+R6   135580.436   289 271738.872   271758.884   273781.282
400  JTTDCMut+R7   135565.757   291 271713.513   271733.807   273770.057
401  JTTDCMut+R8   135556.897   293 271699.794   271720.372   273770.473
404  JTTDCMut+F    147167.837   298 294931.675   294952.973   297037.689
405  JTTDCMut+F+I  139877.765   299 280353.530   280374.974   282466.612
406  JTTDCMut+F+G4 135828.286   299 272254.572   272276.016   274367.653
407  JTTDCMut+F+I+G4 135545.610   300 271691.220   271712.810   273811.369
408  JTTDCMut+F+R2 136189.701   300 272979.402   273000.992   275099.551
409  JTTDCMut+F+R3 135206.456   302 271016.913   271038.796   273151.196
410  JTTDCMut+F+R4 135028.949   304 270665.898   270688.077   272814.316
411  JTTDCMut+F+R5 135009.812   306 270631.624   270654.101   272794.176
412  JTTDCMut+F+R6 134991.910   308 270599.821   270622.598   272776.507
413  JTTDCMut+F+R7 134977.757   310 270575.514   270598.592   272766.334
414  JTTDCMut+F+R8 134969.255   312 270562.510   270585.892   272767.465
417  FLU           149605.717   279 299769.434   299788.065   301741.172
418  FLU+I         142221.588   280 285003.175   285021.942   286981.981
419  FLU+G4        137499.147   280 275558.293   275577.060   277537.099
420  FLU+I+G4      137137.456   281 274836.913   274855.816   276822.785
421  FLU+R2        138115.042   281 276792.084   276810.987   278777.956
422  FLU+R3        136775.767   283 274117.535   274136.712   276117.542
423  FLU+R4        136572.105   285 273714.210   273733.664   275728.352
424  FLU+R5        136535.287   287 273644.574   273664.305   275672.849
425  FLU+R6        136503.213   289 273584.427   273604.439   275626.837
426  FLU+R7        136479.699   291 273541.398   273561.692   275597.942
427  FLU+R8        136466.057   293 273518.114   273538.693   275588.793
428  FLU+R9        136445.055   295 273480.111   273500.976   275564.924
429  FLU+R10       136437.639   297 273469.277   273490.431   275568.225
430  FLU+F         148757.828   298 298111.656   298132.954   300217.671
431  FLU+F+I       141407.609   299 283413.218   283434.662   285526.299
432  FLU+F+G4      136651.320   299 273900.640   273922.084   276013.722
433  FLU+F+I+G4    136279.549   300 273159.098   273180.688   275279.247
434  FLU+F+R2      137251.343   300 275102.687   275124.277   277222.836
435  FLU+F+R3      135921.917   302 272447.834   272469.717   274582.117
436  FLU+F+R4      135721.251   304 272050.503   272072.682   274198.920
437  FLU+F+R5      135685.798   306 271983.596   272006.072   274146.147
438  FLU+F+R6      135655.645   308 271927.290   271950.066   274103.976
439  FLU+F+R7      135633.480   310 271886.960   271910.039   274077.781
440  FLU+F+R8      135619.921   312 271863.843   271887.225   274068.797
441  FLU+F+R9      135598.397   314 271824.793   271848.481   274043.882
442  FLU+F+R10     135591.537   316 271815.074   271839.070   274048.297
443  Blosum62      151673.361   279 303904.723   303923.354   305876.461
444  Blosum62+I    144269.806   280 289099.612   289118.379   291078.418
445  Blosum62+G4   140252.869   280 281065.737   281084.504   283044.543
446  Blosum62+I+G4 139958.707   281 280479.413   280498.316   282465.286
447  Blosum62+R2   140618.296   281 281798.593   281817.496   283784.465
448  Blosum62+R3   139619.144   283 279804.288   279823.465   281804.295
449  Blosum62+R4   139466.833   285 279503.667   279523.120   281517.808
450  Blosum62+R5   139445.605   287 279465.210   279484.942   281493.486
451  Blosum62+R6   139428.593   289 279435.186   279455.198   281477.596
452  Blosum62+R7   139416.231   291 279414.462   279434.756   281471.006
453  Blosum62+R8   139409.395   293 279404.789   279425.368   281475.468
456  Blosum62+F    151423.375   298 303442.749   303464.048   305548.764
457  Blosum62+F+I  144013.253   299 288624.506   288645.949   290737.587
458  Blosum62+F+G4 140010.844   299 280619.687   280641.131   282732.769
459  Blosum62+F+I+G4 139723.475   300 280046.951   280068.541   282167.099
460  Blosum62+F+R2 140361.726   300 281323.452   281345.042   283443.601
461  Blosum62+F+R3 139384.137   302 279372.273   279394.157   281506.556
462  Blosum62+F+R4 139233.370   304 279074.740   279096.919   281223.158
463  Blosum62+F+R5 139211.556   306 279035.112   279057.589   281197.664
464  Blosum62+F+R6 139194.627   308 279005.255   279028.031   281181.941
465  Blosum62+F+R7 139182.317   310 278984.635   279007.713   281175.455
466  Blosum62+F+R8 139175.549   312 278975.098   278998.480   281180.053
469  mtMet         153868.678   279 308295.356   308313.987   310267.095
470  mtMet+I       146282.737   280 293125.474   293144.241   295104.280
471  mtMet+G4      140922.758   280 282405.516   282424.283   284384.321
472  mtMet+I+G4    140471.424   281 281504.847   281523.750   283490.720
473  mtMet+R2      141786.701   281 284135.402   284154.305   286121.275
474  mtMet+R3      140183.474   283 280932.948   280952.125   282932.955
475  mtMet+R4      139963.650   285 280497.299   280516.753   282511.440
476  mtMet+R5      139910.065   287 280394.129   280413.861   282422.405
477  mtMet+R6      139864.334   289 280306.667   280326.679   282349.077
478  mtMet+R7      139828.825   291 280239.650   280259.945   282296.195
479  mtMet+R8      139807.944   293 280201.887   280222.466   282272.566
480  mtMet+R9      139778.454   295 280146.909   280167.774   282231.722
481  mtMet+R10     139769.405   297 280132.810   280153.963   282231.757
482  mtMet+F       149684.235   298 299964.470   299985.769   302070.485
483  mtMet+F+I     142397.291   299 285392.582   285414.026   287505.664
484  mtMet+F+G4    137710.293   299 276018.586   276040.030   278131.668
485  mtMet+F+I+G4  137348.609   300 275297.217   275318.807   277417.366
486  mtMet+F+R2    138288.728   300 277177.455   277199.045   279297.604
487  mtMet+F+R3    137012.537   302 274629.075   274650.958   276763.358
488  mtMet+F+R4    136798.735   304 274205.469   274227.648   276353.887
489  mtMet+F+R5    136762.497   306 274136.994   274159.471   276299.546
490  mtMet+F+R6    136732.027   308 274080.054   274102.830   276256.740
491  mtMet+F+R7    136709.022   310 274038.045   274061.123   276228.865
492  mtMet+F+R8    136696.152   312 274016.303   274039.686   276221.258
493  mtMet+F+R9    136677.726   314 273983.453   274007.141   276202.542
494  mtMet+F+R10   136671.784   316 273975.568   273999.564   276208.791
495  mtVer         155737.393   279 312032.785   312051.416   314004.524
496  mtVer+I       148195.939   280 296951.879   296970.645   298930.684
497  mtVer+G4      142357.618   280 285275.235   285294.002   287254.041
498  mtVer+I+G4    141907.935   281 284377.869   284396.773   286363.742
499  mtVer+R2      143362.478   281 287286.956   287305.860   289272.829
500  mtVer+R3      141662.375   283 283890.749   283909.927   285890.757
501  mtVer+R4      141424.385   285 283418.771   283438.224   285432.912
502  mtVer+R5      141358.940   287 283291.880   283311.611   285320.155
503  mtVer+R6      141303.965   289 283185.929   283205.941   285228.339
504  mtVer+R7      141259.873   291 283101.745   283122.040   285158.290
505  mtVer+R8      141233.808   293 283053.616   283074.194   285124.294
506  mtVer+R9      141195.582   295 282981.164   283002.029   285065.977
507  mtVer+R10     141183.449   297 282960.899   282982.052   285059.846
508  mtVer+F       151032.181   298 302660.362   302681.660   304766.376
509  mtVer+F+I     143512.345   299 287622.689   287644.133   289735.771
510  mtVer+F+G4    138621.351   299 277840.702   277862.145   279953.783
511  mtVer+F+I+G4  138239.412   300 277078.824   277100.414   279198.973
512  mtVer+F+R2    139240.494   300 279080.987   279102.577   281201.136
513  mtVer+F+R3    137897.587   302 276399.174   276421.057   278533.457
514  mtVer+F+R4    137675.065   304 275958.130   275980.309   278106.548
515  mtVer+F+R5    137634.930   306 275881.860   275904.336   278044.411
516  mtVer+F+R6    137599.325   308 275814.649   275837.426   277991.335
517  mtVer+F+R7    137571.679   310 275763.357   275786.435   277954.177
518  mtVer+F+R8    137555.733   312 275735.465   275758.847   277940.420
519  mtVer+F+R9    137532.067   314 275692.134   275715.822   277911.223
520  mtVer+F+R10   137524.435   316 275680.871   275704.867   277914.094
521  mtInv         154434.124   279 309426.248   309444.879   311397.986
522  mtInv+I       146720.746   280 294001.491   294020.258   295980.297
523  mtInv+G4      141771.791   280 284103.582   284122.349   286082.388
524  mtInv+I+G4    141340.227   281 283242.453   283261.357   285228.326
525  mtInv+R2      142496.101   281 285554.203   285573.106   287540.075
526  mtInv+R3      141015.809   283 282597.619   282616.796   284597.626
527  mtInv+R4      140819.845   285 282209.690   282229.143   284223.831
528  mtInv+R5      140774.334   287 282122.669   282142.401   284150.945
529  mtInv+R6      140735.619   289 282049.238   282069.250   284091.648
530  mtInv+R7      140706.701   291 281995.401   282015.696   284051.946
531  mtInv+R8      140690.408   293 281966.816   281987.395   284037.495
532  mtInv+R9      140667.162   295 281924.324   281945.189   284009.137
533  mtInv+R10     140659.944   297 281913.888   281935.042   284012.836
534  mtInv+F       149512.626   298 299621.253   299642.551   301727.267
535  mtInv+F+I     142204.661   299 285007.322   285028.766   287120.403
536  mtInv+F+G4    137823.846   299 276245.693   276267.137   278358.774
537  mtInv+F+I+G4  137496.652   300 275593.303   275614.893   277713.452
538  mtInv+F+R2    138303.621   300 277207.242   277228.832   279327.391
539  mtInv+F+R3    137150.656   302 274905.312   274927.196   277039.595
540  mtInv+F+R4    136952.073   304 274512.146   274534.325   276660.563
541  mtInv+F+R5    136921.202   306 274454.405   274476.881   276616.956
542  mtInv+F+R6    136895.552   308 274407.105   274429.881   276583.791
543  mtInv+F+R7    136876.586   310 274373.172   274396.250   276563.992
544  mtInv+F+R8    136866.128   312 274356.255   274379.638   276561.210
545  mtInv+F+R9    136852.199   314 274332.397   274356.085   276551.486
546  mtInv+F+R10   136848.291   316 274328.581   274352.577   276561.805
Akaike Information Criterion:           JTT+F+R8
Corrected Akaike Information Criterion: JTT+F+R8
Bayesian Information Criterion:         JTT+F+R7
Best-fit model: JTT+F+R7 chosen according to BIC

All model information printed to IBV_108ND_5Domestic_27Foreign_1Turkey_protein.supermatrix.phy.model.gz
CPU time for ModelFinder: 112329.494 seconds (31h:12m:9s)
Wall-clock time for ModelFinder: 11577.980 seconds (3h:12m:57s)
Generating 1000 samples for ultrafast bootstrap (seed: 883849)...

NOTE: 633 MB RAM (0 GB) is required!
Measuring multi-threading efficiency up to 64 CPU cores
Increase to 10 rounds for branch lengths
3 trees examined
Threads: 1 / Time: 93.791 sec / Speedup: 1.000 / Efficiency: 100% / LogL: -275742
Threads: 2 / Time: 46.187 sec / Speedup: 2.031 / Efficiency: 102% / LogL: -275742
Threads: 3 / Time: 29.774 sec / Speedup: 3.150 / Efficiency: 105% / LogL: -275742
Threads: 4 / Time: 21.847 sec / Speedup: 4.293 / Efficiency: 107% / LogL: -275742
Threads: 5 / Time: 18.154 sec / Speedup: 5.166 / Efficiency: 103% / LogL: -275742
Threads: 6 / Time: 15.605 sec / Speedup: 6.010 / Efficiency: 100% / LogL: -275742
Threads: 7 / Time: 14.844 sec / Speedup: 6.319 / Efficiency: 90% / LogL: -275742
Threads: 8 / Time: 14.189 sec / Speedup: 6.610 / Efficiency: 83% / LogL: -275742
Threads: 9 / Time: 14.864 sec / Speedup: 6.310 / Efficiency: 70% / LogL: -275742
Threads: 10 / Time: 16.741 sec / Speedup: 5.603 / Efficiency: 56% / LogL: -275742
BEST NUMBER OF THREADS: 8

Estimate model parameters (epsilon = 0.100)
1. Initial log-likelihood: -137647.662
2. Current log-likelihood: -135139.058
3. Current log-likelihood: -135027.808
4. Current log-likelihood: -134998.282
5. Current log-likelihood: -134987.140
6. Current log-likelihood: -134982.369
7. Current log-likelihood: -134979.980
8. Current log-likelihood: -134978.576
9. Current log-likelihood: -134977.471
10. Current log-likelihood: -134976.439
11. Current log-likelihood: -134975.441
12. Current log-likelihood: -134974.467
13. Current log-likelihood: -134973.500
14. Current log-likelihood: -134972.428
15. Current log-likelihood: -134971.348
16. Current log-likelihood: -134970.251
17. Current log-likelihood: -134969.127
18. Current log-likelihood: -134967.971
19. Current log-likelihood: -134966.618
20. Current log-likelihood: -134965.178
21. Current log-likelihood: -134963.658
22. Current log-likelihood: -134962.061
23. Current log-likelihood: -134960.442
24. Current log-likelihood: -134958.859
25. Current log-likelihood: -134957.407
26. Current log-likelihood: -134956.178
27. Current log-likelihood: -134955.202
28. Current log-likelihood: -134954.475
29. Current log-likelihood: -134954.043
30. Current log-likelihood: -134953.724
31. Current log-likelihood: -134953.477
32. Current log-likelihood: -134953.360
33. Current log-likelihood: -134953.255
Optimal log-likelihood: -134953.106
Site proportion and rates:  (0.677,0.128) (0.075,0.939) (0.063,1.237) (0.055,1.901) (0.093,3.707) (0.032,7.266) (0.007,12.735)
Parameters optimization took 33 rounds (281.564 sec)
Computing ML distances based on estimated model parameters... 10.182 sec
Computing BIONJ tree...
0.011 seconds
Log-likelihood of BIONJ tree: -136241.459
--------------------------------------------------------------------
|             INITIALIZING CANDIDATE TREE SET                      |
--------------------------------------------------------------------
Generating 98 parsimony trees... 39.749 second
Computing log-likelihood of 98 initial trees ... 93.489 seconds
Current best score: -134590.716

Do NNI search on 20 best initial trees
Estimate model parameters (epsilon = 0.100)
BETTER TREE FOUND at iteration 1: -134510.891
Estimate model parameters (epsilon = 0.100)
BETTER TREE FOUND at iteration 3: -134505.466
Iteration 10 / LogL: -134583.187 / Time: 0h:13m:33s
Iteration 20 / LogL: -134699.895 / Time: 0h:14m:50s
Finish initializing candidate tree set (20)
Current best tree score: -134505.466 / CPU time: 315.678
Number of iterations: 20
--------------------------------------------------------------------
|               OPTIMIZING CANDIDATE TREE SET                      |
--------------------------------------------------------------------
Estimate model parameters (epsilon = 0.100)
BETTER TREE FOUND at iteration 26: -134488.175
Iteration 30 / LogL: -134572.118 / Time: 0h:17m:9s (0h:56m:47s left)
Iteration 40 / LogL: -134489.198 / Time: 0h:19m:9s (0h:42m:13s left)
Iteration 50 / LogL: -134506.079 / Time: 0h:21m:20s (0h:33m:5s left)
Log-likelihood cutoff on original alignment: -134741.007
Iteration 60 / LogL: -134654.692 / Time: 0h:23m:23s (0h:26m:9s left)
Iteration 70 / LogL: -134595.485 / Time: 0h:25m:19s (0h:20m:32s left)
Iteration 80 / LogL: -134574.557 / Time: 0h:27m:27s (0h:15m:59s left)
Iteration 90 / LogL: -134542.270 / Time: 0h:29m:29s (0h:11m:55s left)
Iteration 100 / LogL: -134565.645 / Time: 0h:31m:34s (0h:8m:17s left)
Log-likelihood cutoff on original alignment: -134721.877
NOTE: Bootstrap correlation coefficient of split occurrence frequencies: 0.999
Iteration 110 / LogL: -134551.378 / Time: 0h:33m:35s (0h:27m:44s left)
Iteration 120 / LogL: -134556.018 / Time: 0h:35m:37s (0h:23m:56s left)
TREE SEARCH COMPLETED AFTER 127 ITERATIONS / Time: 0h:37m:1s

--------------------------------------------------------------------
|                    FINALIZING TREE SEARCH                        |
--------------------------------------------------------------------
Performs final model parameters optimization
Estimate model parameters (epsilon = 0.010)
1. Initial log-likelihood: -134488.175
2. Current log-likelihood: -134488.140
3. Current log-likelihood: -134488.112
4. Current log-likelihood: -134488.087
5. Current log-likelihood: -134488.063
6. Current log-likelihood: -134488.043
7. Current log-likelihood: -134488.031
8. Current log-likelihood: -134488.020
Optimal log-likelihood: -134488.010
Site proportion and rates:  (0.679,0.131) (0.077,1.013) (0.063,1.156) (0.056,2.137) (0.084,3.773) (0.034,7.083) (0.006,13.009)
Parameters optimization took 8 rounds (62.944 sec)
BEST SCORE FOUND : -134488.010
Creating bootstrap support values...
Split supports printed to NEXUS file IBV_108ND_5Domestic_27Foreign_1Turkey_protein.supermatrix.phy.splits.nex
Total tree length: 2.147

Total number of iterations: 127
CPU time used for tree search: 12794.580 sec (3h:33m:14s)
Wall-clock time used for tree search: 1646.716 sec (0h:27m:26s)
Total CPU time used: 16635.322 sec (4h:37m:15s)
Total wall-clock time used: 2285.022 sec (0h:38m:5s)

Computing bootstrap consensus tree...
Reading input file IBV_108ND_5Domestic_27Foreign_1Turkey_protein.supermatrix.phy.splits.nex...
141 taxa and 625 splits.
Consensus tree written to IBV_108ND_5Domestic_27Foreign_1Turkey_protein.supermatrix.phy.contree
Reading input trees file IBV_108ND_5Domestic_27Foreign_1Turkey_protein.supermatrix.phy.contree
Log-likelihood of consensus tree: -134488.023

Analysis results written to: 
  IQ-TREE report:                IBV_108ND_5Domestic_27Foreign_1Turkey_protein.supermatrix.phy.iqtree
  Maximum-likelihood tree:       IBV_108ND_5Domestic_27Foreign_1Turkey_protein.supermatrix.phy.treefile
  Likelihood distances:          IBV_108ND_5Domestic_27Foreign_1Turkey_protein.supermatrix.phy.mldist

Ultrafast bootstrap approximation results written to:
  Split support values:          IBV_108ND_5Domestic_27Foreign_1Turkey_protein.supermatrix.phy.splits.nex
  Consensus tree:                IBV_108ND_5Domestic_27Foreign_1Turkey_protein.supermatrix.phy.contree
  Screen log file:               IBV_108ND_5Domestic_27Foreign_1Turkey_protein.supermatrix.phy.log

Date and Time: Tue Aug  9 22:27:38 2022
